2020-05-17 13:23:35.812 [ INFO] 24132 --- [main] com.czl.EasyschoolAPI                    : Starting EasyschoolAPI on loveyu with PID 24132 (E:\mycode\paotui\easyschoolAPI\target\classes started by xiaoyu in E:\mycode\paotui\easyschoolAPI)
2020-05-17 13:23:35.814 [ INFO] 24132 --- [main] com.czl.EasyschoolAPI                    : No active profile set, falling back to default profiles: default
2020-05-17 13:23:37.464 [ INFO] 24132 --- [main] ptablePropertiesBeanFactoryPostProcessor : Post-processing PropertySource instances
2020-05-17 13:23:37.544 [ INFO] 24132 --- [main] c.u.j.EncryptablePropertySourceConverter : Converting PropertySource configurationProperties [org.springframework.boot.context.properties.source.ConfigurationPropertySourcesPropertySource] to AOP Proxy
2020-05-17 13:23:37.545 [ INFO] 24132 --- [main] c.u.j.EncryptablePropertySourceConverter : Converting PropertySource servletConfigInitParams [org.springframework.core.env.PropertySource$StubPropertySource] to EncryptablePropertySourceWrapper
2020-05-17 13:23:37.545 [ INFO] 24132 --- [main] c.u.j.EncryptablePropertySourceConverter : Converting PropertySource servletContextInitParams [org.springframework.core.env.PropertySource$StubPropertySource] to EncryptablePropertySourceWrapper
2020-05-17 13:23:37.546 [ INFO] 24132 --- [main] c.u.j.EncryptablePropertySourceConverter : Converting PropertySource systemProperties [org.springframework.core.env.PropertiesPropertySource] to EncryptableMapPropertySourceWrapper
2020-05-17 13:23:37.546 [ INFO] 24132 --- [main] c.u.j.EncryptablePropertySourceConverter : Converting PropertySource systemEnvironment [org.springframework.boot.env.SystemEnvironmentPropertySourceEnvironmentPostProcessor$OriginAwareSystemEnvironmentPropertySource] to EncryptableMapPropertySourceWrapper
2020-05-17 13:23:37.546 [ INFO] 24132 --- [main] c.u.j.EncryptablePropertySourceConverter : Converting PropertySource random [org.springframework.boot.env.RandomValuePropertySource] to EncryptablePropertySourceWrapper
2020-05-17 13:23:37.546 [ INFO] 24132 --- [main] c.u.j.EncryptablePropertySourceConverter : Converting PropertySource applicationConfig: [classpath:/application.properties] [org.springframework.boot.env.OriginTrackedMapPropertySource] to EncryptableMapPropertySourceWrapper
2020-05-17 13:23:37.675 [ INFO] 24132 --- [main] c.u.j.filter.DefaultLazyPropertyFilter   : Property Filter custom Bean not found with name 'encryptablePropertyFilter'. Initializing Default Property Filter
2020-05-17 13:23:37.913 [ INFO] 24132 --- [main] c.u.j.r.DefaultLazyPropertyResolver      : Property Resolver custom Bean not found with name 'encryptablePropertyResolver'. Initializing Default Property Resolver
2020-05-17 13:23:37.914 [ INFO] 24132 --- [main] c.u.j.d.DefaultLazyPropertyDetector      : Property Detector custom Bean not found with name 'encryptablePropertyDetector'. Initializing Default Property Detector
2020-05-17 13:23:39.609 [ INFO] 24132 --- [main] c.u.j.encryptor.DefaultLazyEncryptor     : String Encryptor custom Bean not found with name 'jasyptStringEncryptor'. Initializing Default String Encryptor
2020-05-17 13:23:39.614 [ INFO] 24132 --- [main] c.u.j.encryptor.DefaultLazyEncryptor     : Encryptor config not found for property jasypt.encryptor.algorithm, using default value: PBEWithMD5AndDES
2020-05-17 13:23:39.615 [ INFO] 24132 --- [main] c.u.j.encryptor.DefaultLazyEncryptor     : Encryptor config not found for property jasypt.encryptor.keyObtentionIterations, using default value: 1000
2020-05-17 13:23:39.615 [ INFO] 24132 --- [main] c.u.j.encryptor.DefaultLazyEncryptor     : Encryptor config not found for property jasypt.encryptor.poolSize, using default value: 1
2020-05-17 13:23:39.615 [ INFO] 24132 --- [main] c.u.j.encryptor.DefaultLazyEncryptor     : Encryptor config not found for property jasypt.encryptor.providerName, using default value: null
2020-05-17 13:23:39.615 [ INFO] 24132 --- [main] c.u.j.encryptor.DefaultLazyEncryptor     : Encryptor config not found for property jasypt.encryptor.providerClassName, using default value: null
2020-05-17 13:23:39.615 [ INFO] 24132 --- [main] c.u.j.encryptor.DefaultLazyEncryptor     : Encryptor config not found for property jasypt.encryptor.saltGeneratorClassname, using default value: org.jasypt.salt.RandomSaltGenerator
2020-05-17 13:23:39.616 [ INFO] 24132 --- [main] c.u.j.encryptor.DefaultLazyEncryptor     : Encryptor config not found for property jasypt.encryptor.ivGeneratorClassname, using default value: org.jasypt.salt.NoOpIVGenerator
2020-05-17 13:23:39.617 [ INFO] 24132 --- [main] c.u.j.encryptor.DefaultLazyEncryptor     : Encryptor config not found for property jasypt.encryptor.stringOutputType, using default value: base64
2020-05-17 13:23:43.717 [ INFO] 24132 --- [main] com.czl.EasyschoolAPI                    : Started EasyschoolAPI in 8.466 seconds (JVM running for 11.052)
