2020-05-17 14:25:49.215 [ INFO] 8764 --- [main] com.czl.EasyschoolAPI                    : Starting EasyschoolAPI on loveyu with PID 8764 (E:\mycode\paotui\easyschoolAPI\target\classes started by xiaoyu in E:\mycode\paotui\easyschoolAPI)
2020-05-17 14:25:49.217 [ INFO] 8764 --- [main] com.czl.EasyschoolAPI                    : No active profile set, falling back to default profiles: default
2020-05-17 14:25:51.224 [ INFO] 8764 --- [main] ptablePropertiesBeanFactoryPostProcessor : Post-processing PropertySource instances
2020-05-17 14:25:51.424 [ INFO] 8764 --- [main] c.u.j.EncryptablePropertySourceConverter : Converting PropertySource configurationProperties [org.springframework.boot.context.properties.source.ConfigurationPropertySourcesPropertySource] to AOP Proxy
2020-05-17 14:25:51.426 [ INFO] 8764 --- [main] c.u.j.EncryptablePropertySourceConverter : Converting PropertySource servletConfigInitParams [org.springframework.core.env.PropertySource$StubPropertySource] to EncryptablePropertySourceWrapper
2020-05-17 14:25:51.428 [ INFO] 8764 --- [main] c.u.j.EncryptablePropertySourceConverter : Converting PropertySource servletContextInitParams [org.springframework.core.env.PropertySource$StubPropertySource] to EncryptablePropertySourceWrapper
2020-05-17 14:25:51.430 [ INFO] 8764 --- [main] c.u.j.EncryptablePropertySourceConverter : Converting PropertySource systemProperties [org.springframework.core.env.PropertiesPropertySource] to EncryptableMapPropertySourceWrapper
2020-05-17 14:25:51.430 [ INFO] 8764 --- [main] c.u.j.EncryptablePropertySourceConverter : Converting PropertySource systemEnvironment [org.springframework.boot.env.SystemEnvironmentPropertySourceEnvironmentPostProcessor$OriginAwareSystemEnvironmentPropertySource] to EncryptableMapPropertySourceWrapper
2020-05-17 14:25:51.430 [ INFO] 8764 --- [main] c.u.j.EncryptablePropertySourceConverter : Converting PropertySource random [org.springframework.boot.env.RandomValuePropertySource] to EncryptablePropertySourceWrapper
2020-05-17 14:25:51.430 [ INFO] 8764 --- [main] c.u.j.EncryptablePropertySourceConverter : Converting PropertySource applicationConfig: [classpath:/application.properties] [org.springframework.boot.env.OriginTrackedMapPropertySource] to EncryptableMapPropertySourceWrapper
2020-05-17 14:25:51.825 [ INFO] 8764 --- [main] c.u.j.filter.DefaultLazyPropertyFilter   : Property Filter custom Bean not found with name 'encryptablePropertyFilter'. Initializing Default Property Filter
2020-05-17 14:25:52.071 [ INFO] 8764 --- [main] c.u.j.r.DefaultLazyPropertyResolver      : Property Resolver custom Bean not found with name 'encryptablePropertyResolver'. Initializing Default Property Resolver
2020-05-17 14:25:52.074 [ INFO] 8764 --- [main] c.u.j.d.DefaultLazyPropertyDetector      : Property Detector custom Bean not found with name 'encryptablePropertyDetector'. Initializing Default Property Detector
2020-05-17 14:25:55.017 [ INFO] 8764 --- [main] c.u.j.encryptor.DefaultLazyEncryptor     : String Encryptor custom Bean not found with name 'jasyptStringEncryptor'. Initializing Default String Encryptor
2020-05-17 14:25:55.052 [ INFO] 8764 --- [main] c.u.j.encryptor.DefaultLazyEncryptor     : Encryptor config not found for property jasypt.encryptor.algorithm, using default value: PBEWithMD5AndDES
2020-05-17 14:25:55.052 [ INFO] 8764 --- [main] c.u.j.encryptor.DefaultLazyEncryptor     : Encryptor config not found for property jasypt.encryptor.keyObtentionIterations, using default value: 1000
2020-05-17 14:25:55.053 [ INFO] 8764 --- [main] c.u.j.encryptor.DefaultLazyEncryptor     : Encryptor config not found for property jasypt.encryptor.poolSize, using default value: 1
2020-05-17 14:25:55.053 [ INFO] 8764 --- [main] c.u.j.encryptor.DefaultLazyEncryptor     : Encryptor config not found for property jasypt.encryptor.providerName, using default value: null
2020-05-17 14:25:55.053 [ INFO] 8764 --- [main] c.u.j.encryptor.DefaultLazyEncryptor     : Encryptor config not found for property jasypt.encryptor.providerClassName, using default value: null
2020-05-17 14:25:55.053 [ INFO] 8764 --- [main] c.u.j.encryptor.DefaultLazyEncryptor     : Encryptor config not found for property jasypt.encryptor.saltGeneratorClassname, using default value: org.jasypt.salt.RandomSaltGenerator
2020-05-17 14:25:55.054 [ INFO] 8764 --- [main] c.u.j.encryptor.DefaultLazyEncryptor     : Encryptor config not found for property jasypt.encryptor.ivGeneratorClassname, using default value: org.jasypt.salt.NoOpIVGenerator
2020-05-17 14:25:55.056 [ INFO] 8764 --- [main] c.u.j.encryptor.DefaultLazyEncryptor     : Encryptor config not found for property jasypt.encryptor.stringOutputType, using default value: base64
2020-05-17 14:25:58.971 [ INFO] 8764 --- [main] com.czl.EasyschoolAPI                    : Started EasyschoolAPI in 10.693 seconds (JVM running for 13.831)
2020-05-17 14:32:25.846 [ INFO] 1544 --- [main] com.czl.EasyschoolAPI                    : Starting EasyschoolAPI on loveyu with PID 1544 (E:\mycode\paotui\easyschoolAPI\target\classes started by xiaoyu in E:\mycode\paotui\easyschoolAPI)
2020-05-17 14:32:25.847 [ INFO] 1544 --- [main] com.czl.EasyschoolAPI                    : No active profile set, falling back to default profiles: default
2020-05-17 14:32:27.625 [ INFO] 1544 --- [main] ptablePropertiesBeanFactoryPostProcessor : Post-processing PropertySource instances
2020-05-17 14:32:27.753 [ INFO] 1544 --- [main] c.u.j.EncryptablePropertySourceConverter : Converting PropertySource configurationProperties [org.springframework.boot.context.properties.source.ConfigurationPropertySourcesPropertySource] to AOP Proxy
2020-05-17 14:32:27.753 [ INFO] 1544 --- [main] c.u.j.EncryptablePropertySourceConverter : Converting PropertySource servletConfigInitParams [org.springframework.core.env.PropertySource$StubPropertySource] to EncryptablePropertySourceWrapper
2020-05-17 14:32:27.754 [ INFO] 1544 --- [main] c.u.j.EncryptablePropertySourceConverter : Converting PropertySource servletContextInitParams [org.springframework.core.env.PropertySource$StubPropertySource] to EncryptablePropertySourceWrapper
2020-05-17 14:32:27.754 [ INFO] 1544 --- [main] c.u.j.EncryptablePropertySourceConverter : Converting PropertySource systemProperties [org.springframework.core.env.PropertiesPropertySource] to EncryptableMapPropertySourceWrapper
2020-05-17 14:32:27.754 [ INFO] 1544 --- [main] c.u.j.EncryptablePropertySourceConverter : Converting PropertySource systemEnvironment [org.springframework.boot.env.SystemEnvironmentPropertySourceEnvironmentPostProcessor$OriginAwareSystemEnvironmentPropertySource] to EncryptableMapPropertySourceWrapper
2020-05-17 14:32:27.755 [ INFO] 1544 --- [main] c.u.j.EncryptablePropertySourceConverter : Converting PropertySource random [org.springframework.boot.env.RandomValuePropertySource] to EncryptablePropertySourceWrapper
2020-05-17 14:32:27.755 [ INFO] 1544 --- [main] c.u.j.EncryptablePropertySourceConverter : Converting PropertySource applicationConfig: [classpath:/application.properties] [org.springframework.boot.env.OriginTrackedMapPropertySource] to EncryptableMapPropertySourceWrapper
2020-05-17 14:32:28.056 [ INFO] 1544 --- [main] c.u.j.filter.DefaultLazyPropertyFilter   : Property Filter custom Bean not found with name 'encryptablePropertyFilter'. Initializing Default Property Filter
2020-05-17 14:32:28.382 [ INFO] 1544 --- [main] c.u.j.r.DefaultLazyPropertyResolver      : Property Resolver custom Bean not found with name 'encryptablePropertyResolver'. Initializing Default Property Resolver
2020-05-17 14:32:28.386 [ INFO] 1544 --- [main] c.u.j.d.DefaultLazyPropertyDetector      : Property Detector custom Bean not found with name 'encryptablePropertyDetector'. Initializing Default Property Detector
2020-05-17 14:32:30.959 [ INFO] 1544 --- [main] c.u.j.encryptor.DefaultLazyEncryptor     : String Encryptor custom Bean not found with name 'jasyptStringEncryptor'. Initializing Default String Encryptor
2020-05-17 14:32:30.976 [ INFO] 1544 --- [main] c.u.j.encryptor.DefaultLazyEncryptor     : Encryptor config not found for property jasypt.encryptor.algorithm, using default value: PBEWithMD5AndDES
2020-05-17 14:32:30.977 [ INFO] 1544 --- [main] c.u.j.encryptor.DefaultLazyEncryptor     : Encryptor config not found for property jasypt.encryptor.keyObtentionIterations, using default value: 1000
2020-05-17 14:32:30.977 [ INFO] 1544 --- [main] c.u.j.encryptor.DefaultLazyEncryptor     : Encryptor config not found for property jasypt.encryptor.poolSize, using default value: 1
2020-05-17 14:32:30.977 [ INFO] 1544 --- [main] c.u.j.encryptor.DefaultLazyEncryptor     : Encryptor config not found for property jasypt.encryptor.providerName, using default value: null
2020-05-17 14:32:30.977 [ INFO] 1544 --- [main] c.u.j.encryptor.DefaultLazyEncryptor     : Encryptor config not found for property jasypt.encryptor.providerClassName, using default value: null
2020-05-17 14:32:30.977 [ INFO] 1544 --- [main] c.u.j.encryptor.DefaultLazyEncryptor     : Encryptor config not found for property jasypt.encryptor.saltGeneratorClassname, using default value: org.jasypt.salt.RandomSaltGenerator
2020-05-17 14:32:30.978 [ INFO] 1544 --- [main] c.u.j.encryptor.DefaultLazyEncryptor     : Encryptor config not found for property jasypt.encryptor.ivGeneratorClassname, using default value: org.jasypt.salt.NoOpIVGenerator
2020-05-17 14:32:30.978 [ INFO] 1544 --- [main] c.u.j.encryptor.DefaultLazyEncryptor     : Encryptor config not found for property jasypt.encryptor.stringOutputType, using default value: base64
2020-05-17 14:32:34.263 [ INFO] 1544 --- [main] com.czl.EasyschoolAPI                    : Started EasyschoolAPI in 9.006 seconds (JVM running for 10.109)
