2020-05-17 14:25:47.889 [DEBUG]   --- [main] com.czl.EasyschoolAPI                    : ======== 加载Json Schema ======== 
2020-05-17 14:25:47.922 [DEBUG]   --- [main] com.czl.EasyschoolAPI                    : ======== SpringApplication 启动... ======== 
2020-05-17 14:25:48.894 [DEBUG] 8764 --- [main] ptablePropertiesBeanFactoryPostProcessor : Application Event Raised: ApplicationEnvironmentPreparedEvent
2020-05-17 14:25:49.206 [DEBUG] 8764 --- [main] ptablePropertiesBeanFactoryPostProcessor : Application Event Raised: ApplicationContextInitializedEvent
2020-05-17 14:25:49.215 [ INFO] 8764 --- [main] com.czl.EasyschoolAPI                    : Starting EasyschoolAPI on loveyu with PID 8764 (E:\mycode\paotui\easyschoolAPI\target\classes started by xiaoyu in E:\mycode\paotui\easyschoolAPI)
2020-05-17 14:25:49.217 [DEBUG] 8764 --- [main] com.czl.EasyschoolAPI                    : Running with Spring Boot v2.2.6.RELEASE, Spring v5.2.5.RELEASE
2020-05-17 14:25:49.217 [ INFO] 8764 --- [main] com.czl.EasyschoolAPI                    : No active profile set, falling back to default profiles: default
2020-05-17 14:25:49.320 [DEBUG] 8764 --- [main] ptablePropertiesBeanFactoryPostProcessor : Application Event Raised: ApplicationPreparedEvent
2020-05-17 14:25:50.900 [DEBUG] 8764 --- [main] o.m.s.mapper.ClassPathMapperScanner      : Identified candidate component class: file [E:\mycode\paotui\easyschoolAPI\target\classes\com\czl\mapper\common\ComDataMapper.class]
2020-05-17 14:25:50.901 [DEBUG] 8764 --- [main] o.m.s.mapper.ClassPathMapperScanner      : Creating MapperFactoryBean with name 'comDataMapper' and 'com.czl.mapper.common.ComDataMapper' mapperInterface
2020-05-17 14:25:50.901 [DEBUG] 8764 --- [main] o.m.s.mapper.ClassPathMapperScanner      : Enabling autowire by type for MapperFactoryBean with name 'comDataMapper'.
2020-05-17 14:25:51.224 [ INFO] 8764 --- [main] ptablePropertiesBeanFactoryPostProcessor : Post-processing PropertySource instances
2020-05-17 14:25:51.424 [ INFO] 8764 --- [main] c.u.j.EncryptablePropertySourceConverter : Converting PropertySource configurationProperties [org.springframework.boot.context.properties.source.ConfigurationPropertySourcesPropertySource] to AOP Proxy
2020-05-17 14:25:51.426 [ INFO] 8764 --- [main] c.u.j.EncryptablePropertySourceConverter : Converting PropertySource servletConfigInitParams [org.springframework.core.env.PropertySource$StubPropertySource] to EncryptablePropertySourceWrapper
2020-05-17 14:25:51.428 [ INFO] 8764 --- [main] c.u.j.EncryptablePropertySourceConverter : Converting PropertySource servletContextInitParams [org.springframework.core.env.PropertySource$StubPropertySource] to EncryptablePropertySourceWrapper
2020-05-17 14:25:51.430 [ INFO] 8764 --- [main] c.u.j.EncryptablePropertySourceConverter : Converting PropertySource systemProperties [org.springframework.core.env.PropertiesPropertySource] to EncryptableMapPropertySourceWrapper
2020-05-17 14:25:51.430 [ INFO] 8764 --- [main] c.u.j.EncryptablePropertySourceConverter : Converting PropertySource systemEnvironment [org.springframework.boot.env.SystemEnvironmentPropertySourceEnvironmentPostProcessor$OriginAwareSystemEnvironmentPropertySource] to EncryptableMapPropertySourceWrapper
2020-05-17 14:25:51.430 [ INFO] 8764 --- [main] c.u.j.EncryptablePropertySourceConverter : Converting PropertySource random [org.springframework.boot.env.RandomValuePropertySource] to EncryptablePropertySourceWrapper
2020-05-17 14:25:51.430 [ INFO] 8764 --- [main] c.u.j.EncryptablePropertySourceConverter : Converting PropertySource applicationConfig: [classpath:/application.properties] [org.springframework.boot.env.OriginTrackedMapPropertySource] to EncryptableMapPropertySourceWrapper
2020-05-17 14:25:51.825 [ INFO] 8764 --- [main] c.u.j.filter.DefaultLazyPropertyFilter   : Property Filter custom Bean not found with name 'encryptablePropertyFilter'. Initializing Default Property Filter
2020-05-17 14:25:52.071 [ INFO] 8764 --- [main] c.u.j.r.DefaultLazyPropertyResolver      : Property Resolver custom Bean not found with name 'encryptablePropertyResolver'. Initializing Default Property Resolver
2020-05-17 14:25:52.074 [ INFO] 8764 --- [main] c.u.j.d.DefaultLazyPropertyDetector      : Property Detector custom Bean not found with name 'encryptablePropertyDetector'. Initializing Default Property Detector
2020-05-17 14:25:55.017 [ INFO] 8764 --- [main] c.u.j.encryptor.DefaultLazyEncryptor     : String Encryptor custom Bean not found with name 'jasyptStringEncryptor'. Initializing Default String Encryptor
2020-05-17 14:25:55.052 [ INFO] 8764 --- [main] c.u.j.encryptor.DefaultLazyEncryptor     : Encryptor config not found for property jasypt.encryptor.algorithm, using default value: PBEWithMD5AndDES
2020-05-17 14:25:55.052 [ INFO] 8764 --- [main] c.u.j.encryptor.DefaultLazyEncryptor     : Encryptor config not found for property jasypt.encryptor.keyObtentionIterations, using default value: 1000
2020-05-17 14:25:55.053 [ INFO] 8764 --- [main] c.u.j.encryptor.DefaultLazyEncryptor     : Encryptor config not found for property jasypt.encryptor.poolSize, using default value: 1
2020-05-17 14:25:55.053 [ INFO] 8764 --- [main] c.u.j.encryptor.DefaultLazyEncryptor     : Encryptor config not found for property jasypt.encryptor.providerName, using default value: null
2020-05-17 14:25:55.053 [ INFO] 8764 --- [main] c.u.j.encryptor.DefaultLazyEncryptor     : Encryptor config not found for property jasypt.encryptor.providerClassName, using default value: null
2020-05-17 14:25:55.053 [ INFO] 8764 --- [main] c.u.j.encryptor.DefaultLazyEncryptor     : Encryptor config not found for property jasypt.encryptor.saltGeneratorClassname, using default value: org.jasypt.salt.RandomSaltGenerator
2020-05-17 14:25:55.054 [ INFO] 8764 --- [main] c.u.j.encryptor.DefaultLazyEncryptor     : Encryptor config not found for property jasypt.encryptor.ivGeneratorClassname, using default value: org.jasypt.salt.NoOpIVGenerator
2020-05-17 14:25:55.056 [ INFO] 8764 --- [main] c.u.j.encryptor.DefaultLazyEncryptor     : Encryptor config not found for property jasypt.encryptor.stringOutputType, using default value: base64
2020-05-17 14:25:56.263 [DEBUG] 8764 --- [main] c.c.config.datasource.DataSourceConfig   : Default DS: [URL] = jdbc:log4jdbc:mysql://127.0.0.1:5820/paotui, [User]=root
2020-05-17 14:25:56.308 [DEBUG] 8764 --- [main] log4jdbc.debug                           : ... log4jdbc initializing ...
2020-05-17 14:25:56.309 [DEBUG] 8764 --- [main] log4jdbc.debug                           :   log4jdbc.properties not found on classpath
2020-05-17 14:25:56.309 [DEBUG] 8764 --- [main] log4jdbc.debug                           : x log4jdbc.debug.stack.prefix is not defined
2020-05-17 14:25:56.309 [DEBUG] 8764 --- [main] log4jdbc.debug                           : x log4jdbc.sqltiming.warn.threshold is not defined
2020-05-17 14:25:56.309 [DEBUG] 8764 --- [main] log4jdbc.debug                           : x log4jdbc.sqltiming.error.threshold is not defined
2020-05-17 14:25:56.309 [DEBUG] 8764 --- [main] log4jdbc.debug                           : x log4jdbc.dump.booleanastruefalse is not defined (using default value false)
2020-05-17 14:25:56.309 [DEBUG] 8764 --- [main] log4jdbc.debug                           : x log4jdbc.dump.sql.maxlinelength is not defined (using default of 90)
2020-05-17 14:25:56.309 [DEBUG] 8764 --- [main] log4jdbc.debug                           : x log4jdbc.dump.fulldebugstacktrace is not defined (using default value false)
2020-05-17 14:25:56.309 [DEBUG] 8764 --- [main] log4jdbc.debug                           : x log4jdbc.statement.warn is not defined (using default value false)
2020-05-17 14:25:56.309 [DEBUG] 8764 --- [main] log4jdbc.debug                           : x log4jdbc.dump.sql.select is not defined (using default value true)
2020-05-17 14:25:56.309 [DEBUG] 8764 --- [main] log4jdbc.debug                           : x log4jdbc.dump.sql.insert is not defined (using default value true)
2020-05-17 14:25:56.309 [DEBUG] 8764 --- [main] log4jdbc.debug                           : x log4jdbc.dump.sql.update is not defined (using default value true)
2020-05-17 14:25:56.310 [DEBUG] 8764 --- [main] log4jdbc.debug                           : x log4jdbc.dump.sql.delete is not defined (using default value true)
2020-05-17 14:25:56.310 [DEBUG] 8764 --- [main] log4jdbc.debug                           : x log4jdbc.dump.sql.create is not defined (using default value true)
2020-05-17 14:25:56.310 [DEBUG] 8764 --- [main] log4jdbc.debug                           : x log4jdbc.dump.sql.addsemicolon is not defined (using default value false)
2020-05-17 14:25:56.310 [DEBUG] 8764 --- [main] log4jdbc.debug                           : x log4jdbc.auto.load.popular.drivers is not defined (using default value true)
2020-05-17 14:25:56.310 [DEBUG] 8764 --- [main] log4jdbc.debug                           : x log4jdbc.trim.sql is not defined (using default value true)
2020-05-17 14:25:56.310 [DEBUG] 8764 --- [main] log4jdbc.debug                           : x log4jdbc.trim.sql.extrablanklines is not defined (using default value true)
2020-05-17 14:25:56.310 [DEBUG] 8764 --- [main] log4jdbc.debug                           : x log4jdbc.suppress.generated.keys.exception is not defined (using default value false)
2020-05-17 14:25:56.310 [DEBUG] 8764 --- [main] log4jdbc.debug                           : x log4jdbc.drivers is not defined
2020-05-17 14:25:56.315 [DEBUG] 8764 --- [main] log4jdbc.debug                           : WARNING!  log4jdbc couldn't find any underlying jdbc drivers.
2020-05-17 14:25:56.317 [DEBUG] 8764 --- [main] log4jdbc.debug                           : ... log4jdbc initialized! ...
2020-05-17 14:25:56.371 [DEBUG] 8764 --- [main] c.c.config.datasource.DataSourceConfig   : Sub DS[ds1]: [URL] = null, [User]=null
2020-05-17 14:25:56.865 [DEBUG] 8764 --- [main] o.mybatis.spring.SqlSessionFactoryBean   : Parsed mapper file: 'file [E:\mycode\paotui\easyschoolAPI\target\classes\mapper\common\ComDataMapper.xml]'
2020-05-17 14:25:57.086 [DEBUG] 8764 --- [main] com.czl.config.JedisConfig               : JedisPool注入成功！
2020-05-17 14:25:57.087 [DEBUG] 8764 --- [main] com.czl.config.JedisConfig               : redis地址：10.168.1.26:6379
2020-05-17 14:25:58.452 [DEBUG] 8764 --- [main] com.sun.xml.bind.v2.ContextFactory       : Property com.sun.xml.bind.XmlAccessorFactoryis not active.  Using JAXB's implementation
2020-05-17 14:25:58.683 [DEBUG] 8764 --- [main] com.sun.xml.bind.v2.ContextFactory       : Property com.sun.xml.bind.XmlAccessorFactoryis not active.  Using JAXB's implementation
2020-05-17 14:25:58.766 [DEBUG] 8764 --- [main] com.sun.xml.bind.v2.ContextFactory       : Property com.sun.xml.bind.XmlAccessorFactoryis not active.  Using JAXB's implementation
2020-05-17 14:25:58.903 [DEBUG] 8764 --- [main] ptablePropertiesBeanFactoryPostProcessor : Application Event Raised: ContextRefreshedEvent
2020-05-17 14:25:58.904 [DEBUG] 8764 --- [main] ptablePropertiesBeanFactoryPostProcessor : Application Event Raised: ContextRefreshedEvent
2020-05-17 14:25:58.967 [DEBUG] 8764 --- [main] ptablePropertiesBeanFactoryPostProcessor : Application Event Raised: ServletWebServerInitializedEvent
2020-05-17 14:25:58.967 [DEBUG] 8764 --- [main] ptablePropertiesBeanFactoryPostProcessor : Application Event Raised: ServletWebServerInitializedEvent
2020-05-17 14:25:58.971 [ INFO] 8764 --- [main] com.czl.EasyschoolAPI                    : Started EasyschoolAPI in 10.693 seconds (JVM running for 13.831)
2020-05-17 14:25:58.972 [DEBUG] 8764 --- [main] ptablePropertiesBeanFactoryPostProcessor : Application Event Raised: ApplicationStartedEvent
2020-05-17 14:25:58.998 [DEBUG] 8764 --- [main] ptablePropertiesBeanFactoryPostProcessor : Application Event Raised: ApplicationStartedEvent
2020-05-17 14:25:59.000 [DEBUG] 8764 --- [main] ptablePropertiesBeanFactoryPostProcessor : Application Event Raised: ApplicationReadyEvent
2020-05-17 14:25:59.000 [DEBUG] 8764 --- [main] ptablePropertiesBeanFactoryPostProcessor : Application Event Raised: ApplicationReadyEvent
2020-05-17 14:32:21.395 [DEBUG] 8764 --- [SpringContextShutdownHook] ptablePropertiesBeanFactoryPostProcessor : Application Event Raised: ContextClosedEvent
2020-05-17 14:32:21.395 [DEBUG] 8764 --- [SpringContextShutdownHook] ptablePropertiesBeanFactoryPostProcessor : Application Event Raised: ContextClosedEvent
2020-05-17 14:32:25.008 [DEBUG]   --- [main] com.czl.EasyschoolAPI                    : ======== 加载Json Schema ======== 
2020-05-17 14:32:25.013 [DEBUG]   --- [main] com.czl.EasyschoolAPI                    : ======== SpringApplication 启动... ======== 
2020-05-17 14:32:25.657 [DEBUG] 1544 --- [main] ptablePropertiesBeanFactoryPostProcessor : Application Event Raised: ApplicationEnvironmentPreparedEvent
2020-05-17 14:32:25.836 [DEBUG] 1544 --- [main] ptablePropertiesBeanFactoryPostProcessor : Application Event Raised: ApplicationContextInitializedEvent
2020-05-17 14:32:25.846 [ INFO] 1544 --- [main] com.czl.EasyschoolAPI                    : Starting EasyschoolAPI on loveyu with PID 1544 (E:\mycode\paotui\easyschoolAPI\target\classes started by xiaoyu in E:\mycode\paotui\easyschoolAPI)
2020-05-17 14:32:25.847 [DEBUG] 1544 --- [main] com.czl.EasyschoolAPI                    : Running with Spring Boot v2.2.6.RELEASE, Spring v5.2.5.RELEASE
2020-05-17 14:32:25.847 [ INFO] 1544 --- [main] com.czl.EasyschoolAPI                    : No active profile set, falling back to default profiles: default
2020-05-17 14:32:25.975 [DEBUG] 1544 --- [main] ptablePropertiesBeanFactoryPostProcessor : Application Event Raised: ApplicationPreparedEvent
2020-05-17 14:32:27.439 [DEBUG] 1544 --- [main] o.m.s.mapper.ClassPathMapperScanner      : Identified candidate component class: file [E:\mycode\paotui\easyschoolAPI\target\classes\com\czl\mapper\common\ComDataMapper.class]
2020-05-17 14:32:27.440 [DEBUG] 1544 --- [main] o.m.s.mapper.ClassPathMapperScanner      : Creating MapperFactoryBean with name 'comDataMapper' and 'com.czl.mapper.common.ComDataMapper' mapperInterface
2020-05-17 14:32:27.441 [DEBUG] 1544 --- [main] o.m.s.mapper.ClassPathMapperScanner      : Enabling autowire by type for MapperFactoryBean with name 'comDataMapper'.
2020-05-17 14:32:27.625 [ INFO] 1544 --- [main] ptablePropertiesBeanFactoryPostProcessor : Post-processing PropertySource instances
2020-05-17 14:32:27.753 [ INFO] 1544 --- [main] c.u.j.EncryptablePropertySourceConverter : Converting PropertySource configurationProperties [org.springframework.boot.context.properties.source.ConfigurationPropertySourcesPropertySource] to AOP Proxy
2020-05-17 14:32:27.753 [ INFO] 1544 --- [main] c.u.j.EncryptablePropertySourceConverter : Converting PropertySource servletConfigInitParams [org.springframework.core.env.PropertySource$StubPropertySource] to EncryptablePropertySourceWrapper
2020-05-17 14:32:27.754 [ INFO] 1544 --- [main] c.u.j.EncryptablePropertySourceConverter : Converting PropertySource servletContextInitParams [org.springframework.core.env.PropertySource$StubPropertySource] to EncryptablePropertySourceWrapper
2020-05-17 14:32:27.754 [ INFO] 1544 --- [main] c.u.j.EncryptablePropertySourceConverter : Converting PropertySource systemProperties [org.springframework.core.env.PropertiesPropertySource] to EncryptableMapPropertySourceWrapper
2020-05-17 14:32:27.754 [ INFO] 1544 --- [main] c.u.j.EncryptablePropertySourceConverter : Converting PropertySource systemEnvironment [org.springframework.boot.env.SystemEnvironmentPropertySourceEnvironmentPostProcessor$OriginAwareSystemEnvironmentPropertySource] to EncryptableMapPropertySourceWrapper
2020-05-17 14:32:27.755 [ INFO] 1544 --- [main] c.u.j.EncryptablePropertySourceConverter : Converting PropertySource random [org.springframework.boot.env.RandomValuePropertySource] to EncryptablePropertySourceWrapper
2020-05-17 14:32:27.755 [ INFO] 1544 --- [main] c.u.j.EncryptablePropertySourceConverter : Converting PropertySource applicationConfig: [classpath:/application.properties] [org.springframework.boot.env.OriginTrackedMapPropertySource] to EncryptableMapPropertySourceWrapper
2020-05-17 14:32:28.056 [ INFO] 1544 --- [main] c.u.j.filter.DefaultLazyPropertyFilter   : Property Filter custom Bean not found with name 'encryptablePropertyFilter'. Initializing Default Property Filter
2020-05-17 14:32:28.382 [ INFO] 1544 --- [main] c.u.j.r.DefaultLazyPropertyResolver      : Property Resolver custom Bean not found with name 'encryptablePropertyResolver'. Initializing Default Property Resolver
2020-05-17 14:32:28.386 [ INFO] 1544 --- [main] c.u.j.d.DefaultLazyPropertyDetector      : Property Detector custom Bean not found with name 'encryptablePropertyDetector'. Initializing Default Property Detector
2020-05-17 14:32:30.959 [ INFO] 1544 --- [main] c.u.j.encryptor.DefaultLazyEncryptor     : String Encryptor custom Bean not found with name 'jasyptStringEncryptor'. Initializing Default String Encryptor
2020-05-17 14:32:30.976 [ INFO] 1544 --- [main] c.u.j.encryptor.DefaultLazyEncryptor     : Encryptor config not found for property jasypt.encryptor.algorithm, using default value: PBEWithMD5AndDES
2020-05-17 14:32:30.977 [ INFO] 1544 --- [main] c.u.j.encryptor.DefaultLazyEncryptor     : Encryptor config not found for property jasypt.encryptor.keyObtentionIterations, using default value: 1000
2020-05-17 14:32:30.977 [ INFO] 1544 --- [main] c.u.j.encryptor.DefaultLazyEncryptor     : Encryptor config not found for property jasypt.encryptor.poolSize, using default value: 1
2020-05-17 14:32:30.977 [ INFO] 1544 --- [main] c.u.j.encryptor.DefaultLazyEncryptor     : Encryptor config not found for property jasypt.encryptor.providerName, using default value: null
2020-05-17 14:32:30.977 [ INFO] 1544 --- [main] c.u.j.encryptor.DefaultLazyEncryptor     : Encryptor config not found for property jasypt.encryptor.providerClassName, using default value: null
2020-05-17 14:32:30.977 [ INFO] 1544 --- [main] c.u.j.encryptor.DefaultLazyEncryptor     : Encryptor config not found for property jasypt.encryptor.saltGeneratorClassname, using default value: org.jasypt.salt.RandomSaltGenerator
2020-05-17 14:32:30.978 [ INFO] 1544 --- [main] c.u.j.encryptor.DefaultLazyEncryptor     : Encryptor config not found for property jasypt.encryptor.ivGeneratorClassname, using default value: org.jasypt.salt.NoOpIVGenerator
2020-05-17 14:32:30.978 [ INFO] 1544 --- [main] c.u.j.encryptor.DefaultLazyEncryptor     : Encryptor config not found for property jasypt.encryptor.stringOutputType, using default value: base64
2020-05-17 14:32:32.082 [DEBUG] 1544 --- [main] c.c.config.datasource.DataSourceConfig   : Default DS: [URL] = jdbc:log4jdbc:mysql://127.0.0.1:5820/paotui, [User]=root
2020-05-17 14:32:32.105 [DEBUG] 1544 --- [main] log4jdbc.debug                           : ... log4jdbc initializing ...
2020-05-17 14:32:32.105 [DEBUG] 1544 --- [main] log4jdbc.debug                           :   log4jdbc.properties not found on classpath
2020-05-17 14:32:32.105 [DEBUG] 1544 --- [main] log4jdbc.debug                           : x log4jdbc.debug.stack.prefix is not defined
2020-05-17 14:32:32.105 [DEBUG] 1544 --- [main] log4jdbc.debug                           : x log4jdbc.sqltiming.warn.threshold is not defined
2020-05-17 14:32:32.105 [DEBUG] 1544 --- [main] log4jdbc.debug                           : x log4jdbc.sqltiming.error.threshold is not defined
2020-05-17 14:32:32.105 [DEBUG] 1544 --- [main] log4jdbc.debug                           : x log4jdbc.dump.booleanastruefalse is not defined (using default value false)
2020-05-17 14:32:32.105 [DEBUG] 1544 --- [main] log4jdbc.debug                           : x log4jdbc.dump.sql.maxlinelength is not defined (using default of 90)
2020-05-17 14:32:32.105 [DEBUG] 1544 --- [main] log4jdbc.debug                           : x log4jdbc.dump.fulldebugstacktrace is not defined (using default value false)
2020-05-17 14:32:32.105 [DEBUG] 1544 --- [main] log4jdbc.debug                           : x log4jdbc.statement.warn is not defined (using default value false)
2020-05-17 14:32:32.105 [DEBUG] 1544 --- [main] log4jdbc.debug                           : x log4jdbc.dump.sql.select is not defined (using default value true)
2020-05-17 14:32:32.105 [DEBUG] 1544 --- [main] log4jdbc.debug                           : x log4jdbc.dump.sql.insert is not defined (using default value true)
2020-05-17 14:32:32.105 [DEBUG] 1544 --- [main] log4jdbc.debug                           : x log4jdbc.dump.sql.update is not defined (using default value true)
2020-05-17 14:32:32.105 [DEBUG] 1544 --- [main] log4jdbc.debug                           : x log4jdbc.dump.sql.delete is not defined (using default value true)
2020-05-17 14:32:32.105 [DEBUG] 1544 --- [main] log4jdbc.debug                           : x log4jdbc.dump.sql.create is not defined (using default value true)
2020-05-17 14:32:32.105 [DEBUG] 1544 --- [main] log4jdbc.debug                           : x log4jdbc.dump.sql.addsemicolon is not defined (using default value false)
2020-05-17 14:32:32.105 [DEBUG] 1544 --- [main] log4jdbc.debug                           : x log4jdbc.auto.load.popular.drivers is not defined (using default value true)
2020-05-17 14:32:32.105 [DEBUG] 1544 --- [main] log4jdbc.debug                           : x log4jdbc.trim.sql is not defined (using default value true)
2020-05-17 14:32:32.105 [DEBUG] 1544 --- [main] log4jdbc.debug                           : x log4jdbc.trim.sql.extrablanklines is not defined (using default value true)
2020-05-17 14:32:32.106 [DEBUG] 1544 --- [main] log4jdbc.debug                           : x log4jdbc.suppress.generated.keys.exception is not defined (using default value false)
2020-05-17 14:32:32.106 [DEBUG] 1544 --- [main] log4jdbc.debug                           : x log4jdbc.drivers is not defined
2020-05-17 14:32:32.110 [DEBUG] 1544 --- [main] log4jdbc.debug                           : WARNING!  log4jdbc couldn't find any underlying jdbc drivers.
2020-05-17 14:32:32.112 [DEBUG] 1544 --- [main] log4jdbc.debug                           : ... log4jdbc initialized! ...
2020-05-17 14:32:32.130 [DEBUG] 1544 --- [main] c.c.config.datasource.DataSourceConfig   : Sub DS[ds1]: [URL] = null, [User]=null
2020-05-17 14:32:32.421 [DEBUG] 1544 --- [main] o.mybatis.spring.SqlSessionFactoryBean   : Parsed mapper file: 'file [E:\mycode\paotui\easyschoolAPI\target\classes\mapper\common\ComDataMapper.xml]'
2020-05-17 14:32:32.582 [DEBUG] 1544 --- [main] com.czl.config.JedisConfig               : JedisPool注入成功！
2020-05-17 14:32:32.583 [DEBUG] 1544 --- [main] com.czl.config.JedisConfig               : redis地址：127.0.0.1:6379
2020-05-17 14:32:33.845 [DEBUG] 1544 --- [main] com.sun.xml.bind.v2.ContextFactory       : Property com.sun.xml.bind.XmlAccessorFactoryis not active.  Using JAXB's implementation
2020-05-17 14:32:33.992 [DEBUG] 1544 --- [main] com.sun.xml.bind.v2.ContextFactory       : Property com.sun.xml.bind.XmlAccessorFactoryis not active.  Using JAXB's implementation
2020-05-17 14:32:34.070 [DEBUG] 1544 --- [main] com.sun.xml.bind.v2.ContextFactory       : Property com.sun.xml.bind.XmlAccessorFactoryis not active.  Using JAXB's implementation
2020-05-17 14:32:34.211 [DEBUG] 1544 --- [main] ptablePropertiesBeanFactoryPostProcessor : Application Event Raised: ContextRefreshedEvent
2020-05-17 14:32:34.212 [DEBUG] 1544 --- [main] ptablePropertiesBeanFactoryPostProcessor : Application Event Raised: ContextRefreshedEvent
2020-05-17 14:32:34.259 [DEBUG] 1544 --- [main] ptablePropertiesBeanFactoryPostProcessor : Application Event Raised: ServletWebServerInitializedEvent
2020-05-17 14:32:34.259 [DEBUG] 1544 --- [main] ptablePropertiesBeanFactoryPostProcessor : Application Event Raised: ServletWebServerInitializedEvent
2020-05-17 14:32:34.263 [ INFO] 1544 --- [main] com.czl.EasyschoolAPI                    : Started EasyschoolAPI in 9.006 seconds (JVM running for 10.109)
2020-05-17 14:32:34.263 [DEBUG] 1544 --- [main] ptablePropertiesBeanFactoryPostProcessor : Application Event Raised: ApplicationStartedEvent
2020-05-17 14:32:34.265 [DEBUG] 1544 --- [main] ptablePropertiesBeanFactoryPostProcessor : Application Event Raised: ApplicationStartedEvent
2020-05-17 14:32:34.266 [DEBUG] 1544 --- [main] ptablePropertiesBeanFactoryPostProcessor : Application Event Raised: ApplicationReadyEvent
2020-05-17 14:32:34.266 [DEBUG] 1544 --- [main] ptablePropertiesBeanFactoryPostProcessor : Application Event Raised: ApplicationReadyEvent
